<?xml version="1.0" encoding="UTF-8"?>
<!-- Generated by org.testng.reporters.JUnitReportReporter -->
<testsuite hostname="OmNamahShivay" failures="0" tests="5" name="Startup.Enabled_" time="0.008" errors="0" timestamp="2024-02-17T19:46:36 IST" skipped="1">
  <testcase classname="Startup.Enabled_" name="LogIn" time="0.002"/>
  <testcase classname="Startup.Enabled_" name="Rohit" time="0.003"/>
  <testcase classname="Startup.Enabled_" name="SetUp" time="0.001"/>
  <testcase classname="Startup.Enabled_" name="LogOut" time="0.002"/>
  <testcase classname="Startup.Enabled_" name="Ketan">
    <skipped/>
  </testcase> <!-- Ketan -->
</testsuite> <!-- Startup.Enabled_ -->
