<?xml version="1.0" encoding="UTF-8"?>
<!-- Generated by org.testng.reporters.JUnitReportReporter -->
<testsuite hostname="OmNamahShivay" failures="0" tests="1" name="script.Get_Started" time="8.396" errors="0" timestamp="2024-02-21T19:50:05 IST" skipped="0">
  <testcase classname="script.Get_Started" name="GetStarted_Verification" time="8.396"/>
</testsuite> <!-- script.Get_Started -->
