<?xml version="1.0" encoding="UTF-8"?>
<!-- Generated by org.testng.reporters.JUnitReportReporter -->
<testsuite hostname="OmNamahShivay" failures="0" tests="1" name="script.LogIn2_Script" time="16.567" errors="0" timestamp="2024-02-27T20:53:07 IST" skipped="0">
  <testcase classname="script.LogIn2_Script" name="LoggedIn_Scrp" time="16.567"/>
</testsuite> <!-- script.LogIn2_Script -->
