<?xml version="1.0" encoding="UTF-8"?>
<!-- Generated by org.testng.reporters.JUnitReportReporter -->
<testsuite hostname="OmNamahShivay" failures="0" tests="1" name="script.Modules_Verify" time="116.147" errors="0" timestamp="2024-02-27T09:27:37 IST" skipped="0">
  <testcase classname="script.Modules_Verify" name="Module_Verification" time="116.147"/>
</testsuite> <!-- script.Modules_Verify -->
