<?xml version="1.0" encoding="UTF-8"?>
<!-- Generated by org.testng.reporters.JUnitReportReporter -->
<testsuite hostname="OmNamahShivay" failures="0" tests="5" name="Startup.Description" time="0.011" errors="0" timestamp="2024-02-17T19:46:36 IST" skipped="0">
  <testcase classname="Startup.Description" name="LogIn" time="0.002"/>
  <testcase classname="Startup.Description" name="Rohit" time="0.002"/>
  <testcase classname="Startup.Description" name="SetUp" time="0.003"/>
  <testcase classname="Startup.Description" name="Ketan" time="0.002"/>
  <testcase classname="Startup.Description" name="LogOut" time="0.002"/>
</testsuite> <!-- Startup.Description -->
