<?xml version="1.0" encoding="UTF-8"?>
<!-- Generated by org.testng.reporters.JUnitReportReporter -->
<testsuite hostname="OmNamahShivay" failures="0" tests="1" name="script.Logo_script" time="12.324" errors="0" timestamp="2024-02-21T16:43:23 IST" skipped="0">
  <testcase classname="script.Logo_script" name="verify" time="12.324"/>
</testsuite> <!-- script.Logo_script -->
