<?xml version="1.0" encoding="UTF-8"?>
<!-- Generated by org.testng.reporters.JUnitReportReporter -->
<testsuite hostname="OmNamahShivay" failures="0" tests="5" name="Startup.Priority_" time="0.013" errors="0" timestamp="2024-02-17T19:46:36 IST" skipped="0">
  <testcase classname="Startup.Priority_" name="LogIn" time="0.003"/>
  <testcase classname="Startup.Priority_" name="Rohit" time="0.002"/>
  <testcase classname="Startup.Priority_" name="SetUp" time="0.003"/>
  <testcase classname="Startup.Priority_" name="Ketan" time="0.002"/>
  <testcase classname="Startup.Priority_" name="LogOut" time="0.003"/>
</testsuite> <!-- Startup.Priority_ -->
