<?xml version="1.0" encoding="UTF-8"?>
<!-- Generated by org.testng.reporters.JUnitReportReporter -->
<testsuite hostname="OmNamahShivay" failures="0" tests="3" name="Startup.BeforeAfterClass" time="0.005" errors="0" timestamp="2024-02-17T19:46:36 IST" skipped="0">
  <testcase classname="Startup.BeforeAfterClass" name="SetUp" time="0.002"/>
  <testcase classname="Startup.BeforeAfterClass" name="Rohit" time="0.002"/>
  <testcase classname="Startup.BeforeAfterClass" name="Ketan" time="0.001"/>
</testsuite> <!-- Startup.BeforeAfterClass -->
