<?xml version="1.0" encoding="UTF-8"?>
<!-- Generated by org.testng.reporters.JUnitReportReporter -->
<testsuite hostname="OmNamahShivay" failures="0" tests="3" name="Startup.BeforeAfterTest" time="0.007" errors="0" timestamp="2024-02-17T19:46:36 IST" skipped="0">
  <testcase classname="Startup.BeforeAfterTest" name="SetUp" time="0.003"/>
  <testcase classname="Startup.BeforeAfterTest" name="Ketan" time="0.002"/>
  <testcase classname="Startup.BeforeAfterTest" name="Rohit" time="0.002"/>
</testsuite> <!-- Startup.BeforeAfterTest -->
