<?xml version="1.0" encoding="UTF-8"?>
<!-- Generated by org.testng.reporters.JUnitReportReporter -->
<testsuite hostname="OmNamahShivay" failures="0" tests="4" name="Startup.NewTest" time="0.005" errors="0" timestamp="2024-02-17T19:46:36 IST" skipped="0">
  <testcase classname="Startup.NewTest" name="Shivangi" time="0.001"/>
  <testcase classname="Startup.NewTest" name="Vishwa" time="0.001"/>
  <testcase classname="Startup.NewTest" name="Ketan" time="0.002"/>
  <testcase classname="Startup.NewTest" name="Moshin" time="0.001"/>
</testsuite> <!-- Startup.NewTest -->
