<?xml version="1.0" encoding="UTF-8"?>
<!-- Generated by org.testng.reporters.JUnitReportReporter -->
<testsuite hostname="OmNamahShivay" failures="0" tests="3" name="Startup.BeforeAfterSuit" time="0.018" errors="0" timestamp="2024-02-17T19:46:36 IST" skipped="0">
  <testcase classname="Startup.BeforeAfterSuit" name="Ketan" time="0.011"/>
  <testcase classname="Startup.BeforeAfterSuit" name="Rohit" time="0.003"/>
  <testcase classname="Startup.BeforeAfterSuit" name="SetUp" time="0.004"/>
</testsuite> <!-- Startup.BeforeAfterSuit -->
